c:\users\esther\desktop\cs_32\project3p1_estherli\zombiedash\debug\vc141.pdb
c:\users\esther\desktop\cs_32\project3p1_estherli\zombiedash\debug\vc141.idb
c:\users\esther\desktop\cs_32\project3p1_estherli\zombiedash\debug\main.obj
c:\users\esther\desktop\cs_32\project3p1_estherli\zombiedash\debug\studentworld.obj
c:\users\esther\desktop\cs_32\project3p1_estherli\zombiedash\debug\gameworld.obj
c:\users\esther\desktop\cs_32\project3p1_estherli\zombiedash\debug\gamecontroller.obj
c:\users\esther\desktop\cs_32\project3p1_estherli\zombiedash\debug\actor.obj
c:\users\esther\desktop\cs_32\project3p1_estherli\debug\zombiedash.pdb
c:\users\esther\desktop\cs_32\project3p1_estherli\zombiedash\debug\zombiedash.tlog\cl.command.1.tlog
c:\users\esther\desktop\cs_32\project3p1_estherli\zombiedash\debug\zombiedash.tlog\cl.read.1.tlog
c:\users\esther\desktop\cs_32\project3p1_estherli\zombiedash\debug\zombiedash.tlog\cl.write.1.tlog
c:\users\esther\desktop\cs_32\project3p1_estherli\zombiedash\debug\zombiedash.tlog\link.18296-cvtres.read.1.tlog
c:\users\esther\desktop\cs_32\project3p1_estherli\zombiedash\debug\zombiedash.tlog\link.18296-cvtres.write.1.tlog
c:\users\esther\desktop\cs_32\project3p1_estherli\zombiedash\debug\zombiedash.tlog\link.18296-rc.read.1.tlog
c:\users\esther\desktop\cs_32\project3p1_estherli\zombiedash\debug\zombiedash.tlog\link.18296-rc.write.1.tlog
c:\users\esther\desktop\cs_32\project3p1_estherli\zombiedash\debug\zombiedash.tlog\link.18296.read.1.tlog
c:\users\esther\desktop\cs_32\project3p1_estherli\zombiedash\debug\zombiedash.tlog\link.18296.write.1.tlog
c:\users\esther\desktop\cs_32\project3p1_estherli\zombiedash\debug\zombiedash.tlog\link.command.1.tlog
c:\users\esther\desktop\cs_32\project3p1_estherli\zombiedash\debug\zombiedash.tlog\link.read.1.tlog
c:\users\esther\desktop\cs_32\project3p1_estherli\zombiedash\debug\zombiedash.tlog\link.write.1.tlog
